<?xml version="1.0" encoding="UTF-8"?>
<!-- Generated by org.testng.reporters.JUnitXMLReporter -->
<testsuite ignored="0" hostname="EPINHYDW0D51" failures="0" tests="7" name="Default test" time="0.069" errors="0" timestamp="2022-02-17T17:39:40 IST">
  <testcase classname="com.epam.selenium.SeleniumAssignment.TestOrangeHRMWithExplicitTime" name="@BeforeClass setUp" time="-1.645099780813E9">
    <failure type="org.testng.TestNGException" message="
Parameter &amp;apos;driverName&amp;apos; is required by BeforeClass on method setUp but has not been marked @Optional or defined
in C:\Users\Vinaykumar_Kavala\AppData\Local\Temp\testng-eclipse--781317146\testng-customsuite.xml">
      <![CDATA[org.testng.TestNGException: 
Parameter 'driverName' is required by BeforeClass on method setUp but has not been marked @Optional or defined
in C:\Users\Vinaykumar_Kavala\AppData\Local\Temp\testng-eclipse--781317146\testng-customsuite.xml
at org.testng.internal.Parameters.createParams(Parameters.java:267)
at org.testng.internal.Parameters.createParametersForMethod(Parameters.java:355)
at org.testng.internal.Parameters.createParameters(Parameters.java:660)
at org.testng.internal.Parameters.createConfigurationParameters(Parameters.java:166)
at org.testng.internal.invokers.ConfigInvoker.invokeConfigurations(ConfigInvoker.java:300)
at org.testng.internal.invokers.TestMethodWorker.invokeBeforeClassMethods(TestMethodWorker.java:178)
at org.testng.internal.invokers.TestMethodWorker.run(TestMethodWorker.java:122)
at java.base/java.util.ArrayList.forEach(ArrayList.java:1511)
at org.testng.TestRunner.privateRun(TestRunner.java:808)
at org.testng.TestRunner.run(TestRunner.java:603)
at org.testng.SuiteRunner.runTest(SuiteRunner.java:429)
at org.testng.SuiteRunner.runSequentially(SuiteRunner.java:423)
at org.testng.SuiteRunner.privateRun(SuiteRunner.java:383)
at org.testng.SuiteRunner.run(SuiteRunner.java:326)
at org.testng.SuiteRunnerWorker.runSuite(SuiteRunnerWorker.java:52)
at org.testng.SuiteRunnerWorker.run(SuiteRunnerWorker.java:95)
at org.testng.TestNG.runSuitesSequentially(TestNG.java:1249)
at org.testng.TestNG.runSuitesLocally(TestNG.java:1169)
at org.testng.TestNG.runSuites(TestNG.java:1092)
at org.testng.TestNG.run(TestNG.java:1060)
at org.testng.remote.AbstractRemoteTestNG.run(AbstractRemoteTestNG.java:115)
at org.testng.remote.RemoteTestNG.initAndRun(RemoteTestNG.java:251)
at org.testng.remote.RemoteTestNG.main(RemoteTestNG.java:77)
]]>
    </failure>
  </testcase> <!-- @BeforeClass setUp -->
  <testcase classname="com.epam.selenium.SeleniumAssignment.TestOrangeHRMWithExplicitTime" name="@AfterTest closeTab" time="0.0">
    <skipped/>
  </testcase> <!-- @AfterTest closeTab -->
  <testcase classname="com.epam.selenium.SeleniumAssignment.TestOrangeHRMWithExplicitTime" name="testLogIn" time="0.001">
    <skipped/>
  </testcase> <!-- testLogIn -->
  <testcase classname="com.epam.selenium.SeleniumAssignment.TestOrangeHRMWithExplicitTime" name="testNavigateToUsers" time="0.0">
    <skipped/>
  </testcase> <!-- testNavigateToUsers -->
  <testcase classname="com.epam.selenium.SeleniumAssignment.TestOrangeHRMWithExplicitTime" name="testChangeAdminRoleOfuser" time="0.0">
    <skipped/>
  </testcase> <!-- testChangeAdminRoleOfuser -->
  <testcase classname="com.epam.selenium.SeleniumAssignment.TestOrangeHRMWithExplicitTime" name="testTheChangesAdded" time="0.0">
    <skipped/>
  </testcase> <!-- testTheChangesAdded -->
  <testcase classname="com.epam.selenium.SeleniumAssignment.TestOrangeHRMWithExplicitTime" name="testChangeWhenAdminRoleRemoved" time="0.0">
    <skipped/>
  </testcase> <!-- testChangeWhenAdminRoleRemoved -->
  <testcase classname="com.epam.selenium.SeleniumAssignment.TestOrangeHRMWithExplicitTime" name="testRemoveAdminRoleChanges" time="0.0">
    <skipped/>
  </testcase> <!-- testRemoveAdminRoleChanges -->
  <testcase classname="com.epam.selenium.SeleniumAssignment.TestOrangeHRMWithExplicitTime" name="testLogOut" time="0.0">
    <skipped/>
  </testcase> <!-- testLogOut -->
</testsuite> <!-- Default test -->
