<?xml version="1.0" encoding="UTF-8"?>
<!-- Generated by org.testng.reporters.JUnitXMLReporter -->
<testsuite ignored="0" hostname="EPINHYDW0D51" failures="1" tests="7" name="MyFirstTest" time="127.957" errors="0" timestamp="2022-02-19T16:11:43 IST">
  <testcase classname="com.epam.selenium.SeleniumAssignment.TestOrangeHRMWithThread" name="testLogIn" time="26.398"/>
  <testcase classname="com.epam.selenium.SeleniumAssignment.TestOrangeHRMWithThread" name="testNavigateToUsers" time="4.877"/>
  <testcase classname="com.epam.selenium.SeleniumAssignment.TestOrangeHRMWithThread" name="testChangeAdminRoleOfuser" time="66.504"/>
  <testcase classname="com.epam.selenium.SeleniumAssignment.TestOrangeHRMWithThread" name="testTheChangesAdded" time="1.062">
    <failure type="java.lang.AssertionError">
      <![CDATA[java.lang.AssertionError
at com.epam.selenium.SeleniumAssignment.TestOrangeHRMWithThread.testTheChangesAdded(TestOrangeHRMWithThread.java:104)
at java.base/java.util.ArrayList.forEach(ArrayList.java:1511)
... Removed 27 stack frames]]>
    </failure>
  </testcase> <!-- testTheChangesAdded -->
  <testcase classname="com.epam.selenium.SeleniumAssignment.TestOrangeHRMWithThread" name="testChangeWhenAdminRoleRemoved" time="8.064"/>
  <testcase classname="com.epam.selenium.SeleniumAssignment.TestOrangeHRMWithThread" name="testRemoveAdminRoleChanges" time="1.051"/>
  <testcase classname="com.epam.selenium.SeleniumAssignment.TestOrangeHRMWithThread" name="testLogOut" time="12.035"/>
</testsuite> <!-- MyFirstTest -->
