<?xml version="1.0" encoding="UTF-8"?>
<!-- Generated by org.testng.reporters.JUnitXMLReporter -->
<testsuite ignored="0" hostname="EPINHYDW0D51" failures="1" tests="17" name="TestSeleniumOfAttendancesheet" time="155.544" errors="0" timestamp="2022-03-10T16:33:51 IST">
  <testcase classname="com.epam.TestAutomation.Project.Selenium.Tests.TestAttendanceFeatures" name="TestNavigationToAttendanceSheetPage" time="5.783"/>
  <testcase classname="com.epam.TestAutomation.Project.Selenium.Tests.TestAttendanceFeatures" name="TestNavigationToPunchInOutPage" time="0.421"/>
  <testcase classname="com.epam.TestAutomation.Project.Selenium.Tests.TestAttendanceFeatures" name="TestPunchInIconVisibility" time="7.233"/>
  <testcase classname="com.epam.TestAutomation.Project.Selenium.Tests.TestAttendanceFeatures" name="TestNavigationToPunchInOutPageWithPunchInCardFromAttendanceSheetPageOnClickingPunchInIcon" time="3.215"/>
  <testcase classname="com.epam.TestAutomation.Project.Selenium.Tests.TestAttendanceFeatures" name="TestPunchInDataAppearsInTimeSheetDetailsAfterPunchIn" time="8.014"/>
  <testcase classname="com.epam.TestAutomation.Project.Selenium.Tests.TestAttendanceFeatures" name="TestPunchOutIconVisibilityAfterValidPunchIn" time="0.238"/>
  <testcase classname="com.epam.TestAutomation.Project.Selenium.Tests.TestAttendanceFeatures" name="TestNavigationToPunchInOutPageWithPunchOutCardFromAttendanceSheetPageOnClickingPunchOutIcon" time="3.208"/>
  <testcase classname="com.epam.TestAutomation.Project.Selenium.Tests.TestAttendanceFeatures" name="TestPunchInDataPresentInPunchOutCard" time="0.173"/>
  <testcase classname="com.epam.TestAutomation.Project.Selenium.Tests.TestAttendanceFeatures" name="TestPunchOutDataAppearsInTimeSheetDetailsAfterPunchOut" time="8.886"/>
  <testcase classname="com.epam.TestAutomation.Project.Selenium.Tests.TestAttendanceFeatures" name="TestPunchInOverlappingErrorMessageDisplay" time="5.303"/>
  <testcase classname="com.epam.TestAutomation.Project.Selenium.Tests.TestAttendanceFeatures" name="TestPunchOutTimeLaterThanIntimeErrorMessageDisplay" time="13.299"/>
  <testcase classname="com.epam.TestAutomation.Project.Selenium.Tests.TestAttendanceFeatures" name="TestInValidFormatErrorMessage" time="1.797"/>
  <testcase classname="com.epam.TestAutomation.Project.Selenium.Tests.TestAttendanceFeatures" name="TestInValidTimeFormatErrorMessage" time="1.889"/>
  <testcase classname="com.epam.TestAutomation.Project.Selenium.Tests.TestAttendanceFeatures" name="TestPunchIconToggleAfterDeletingPunchInData" time="6.894"/>
  <testcase classname="com.epam.TestAutomation.Project.Selenium.Tests.TestAttendanceFeatures" name="TestPunchCardToggleToPunchOutWhenGivenDateHasPunchedInSession" time="19.473"/>
  <testcase classname="com.epam.TestAutomation.Project.Selenium.Tests.TestAttendanceFeatures" name="TestTotalHoursAggregation" time="23.401"/>
  <testcase classname="com.epam.TestAutomation.Project.Selenium.Tests.TestAttendanceFeatures" name="TestPunchOutAfterPunchInBeforeValidSession" time="9.449">
    <failure type="java.lang.AssertionError" message="expected [false] but found [true]">
      <![CDATA[java.lang.AssertionError: expected [false] but found [true]
at com.epam.TestAutomation.Project.Selenium.Tests.TestAttendanceFeatures.TestPunchOutAfterPunchInBeforeValidSession(TestAttendanceFeatures.java:275)
at java.base/java.util.ArrayList.forEach(ArrayList.java:1511)
... Removed 31 stack frames]]>
    </failure>
  </testcase> <!-- TestPunchOutAfterPunchInBeforeValidSession -->
</testsuite> <!-- TestSeleniumOfAttendancesheet -->
