<?xml version="1.0" encoding="UTF-8"?>
<testng-results ignored="0" total="17" passed="16" failed="1" skipped="0">
  <reporter-output>
  </reporter-output>
  <suite started-at="2022-03-10T16:31:15 IST" name="TestOrangeHRMSeleniumTesting" finished-at="2022-03-10T16:33:51 IST" duration-ms="155544">
    <groups>
    </groups>
    <test started-at="2022-03-10T16:31:15 IST" name="TestSeleniumOfAttendancesheet" finished-at="2022-03-10T16:33:51 IST" duration-ms="155544">
      <class name="com.epam.TestAutomation.Project.Selenium.Tests.TestAttendanceFeatures">
        <test-method is-config="true" signature="setUp(org.testng.ITestContext)[pri:0, instance:com.epam.TestAutomation.Project.Selenium.Tests.TestAttendanceFeatures@3646a422]" started-at="2022-03-10T16:31:15 IST" name="setUp" finished-at="2022-03-10T16:31:39 IST" duration-ms="23727" status="PASS">
          <params>
            <param index="0">
              <value>
                <![CDATA[org.testng.TestRunner@72fd8a3c]]>
              </value>
            </param>
          </params>
          <reporter-output>
          </reporter-output>
        </test-method> <!-- setUp -->
        <test-method signature="TestNavigationToAttendanceSheetPage()[pri:1, instance:com.epam.TestAutomation.Project.Selenium.Tests.TestAttendanceFeatures@3646a422]" started-at="2022-03-10T16:31:39 IST" name="TestNavigationToAttendanceSheetPage" finished-at="2022-03-10T16:31:45 IST" duration-ms="5783" status="PASS">
          <reporter-output>
          </reporter-output>
        </test-method> <!-- TestNavigationToAttendanceSheetPage -->
        <test-method signature="TestNavigationToPunchInOutPage()[pri:2, instance:com.epam.TestAutomation.Project.Selenium.Tests.TestAttendanceFeatures@3646a422]" started-at="2022-03-10T16:31:45 IST" name="TestNavigationToPunchInOutPage" finished-at="2022-03-10T16:31:45 IST" duration-ms="421" status="PASS">
          <reporter-output>
          </reporter-output>
        </test-method> <!-- TestNavigationToPunchInOutPage -->
        <test-method signature="TestPunchInIconVisibility()[pri:3, instance:com.epam.TestAutomation.Project.Selenium.Tests.TestAttendanceFeatures@3646a422]" started-at="2022-03-10T16:31:45 IST" name="TestPunchInIconVisibility" finished-at="2022-03-10T16:31:52 IST" duration-ms="7233" status="PASS">
          <reporter-output>
          </reporter-output>
        </test-method> <!-- TestPunchInIconVisibility -->
        <test-method signature="TestNavigationToPunchInOutPageWithPunchInCardFromAttendanceSheetPageOnClickingPunchInIcon()[pri:4, instance:com.epam.TestAutomation.Project.Selenium.Tests.TestAttendanceFeatures@3646a422]" started-at="2022-03-10T16:31:52 IST" name="TestNavigationToPunchInOutPageWithPunchInCardFromAttendanceSheetPageOnClickingPunchInIcon" finished-at="2022-03-10T16:31:56 IST" duration-ms="3215" status="PASS">
          <reporter-output>
          </reporter-output>
        </test-method> <!-- TestNavigationToPunchInOutPageWithPunchInCardFromAttendanceSheetPageOnClickingPunchInIcon -->
        <test-method signature="TestPunchInDataAppearsInTimeSheetDetailsAfterPunchIn(org.testng.ITestContext)[pri:5, instance:com.epam.TestAutomation.Project.Selenium.Tests.TestAttendanceFeatures@3646a422]" started-at="2022-03-10T16:31:56 IST" name="TestPunchInDataAppearsInTimeSheetDetailsAfterPunchIn" finished-at="2022-03-10T16:32:04 IST" duration-ms="8014" status="PASS">
          <params>
            <param index="0">
              <value>
                <![CDATA[org.testng.TestRunner@72fd8a3c]]>
              </value>
            </param>
          </params>
          <reporter-output>
          </reporter-output>
        </test-method> <!-- TestPunchInDataAppearsInTimeSheetDetailsAfterPunchIn -->
        <test-method signature="TestPunchOutIconVisibilityAfterValidPunchIn()[pri:6, instance:com.epam.TestAutomation.Project.Selenium.Tests.TestAttendanceFeatures@3646a422]" started-at="2022-03-10T16:32:04 IST" name="TestPunchOutIconVisibilityAfterValidPunchIn" finished-at="2022-03-10T16:32:04 IST" duration-ms="238" status="PASS">
          <reporter-output>
          </reporter-output>
        </test-method> <!-- TestPunchOutIconVisibilityAfterValidPunchIn -->
        <test-method signature="TestNavigationToPunchInOutPageWithPunchOutCardFromAttendanceSheetPageOnClickingPunchOutIcon()[pri:7, instance:com.epam.TestAutomation.Project.Selenium.Tests.TestAttendanceFeatures@3646a422]" started-at="2022-03-10T16:32:04 IST" name="TestNavigationToPunchInOutPageWithPunchOutCardFromAttendanceSheetPageOnClickingPunchOutIcon" finished-at="2022-03-10T16:32:07 IST" duration-ms="3208" status="PASS">
          <reporter-output>
          </reporter-output>
        </test-method> <!-- TestNavigationToPunchInOutPageWithPunchOutCardFromAttendanceSheetPageOnClickingPunchOutIcon -->
        <test-method signature="TestPunchInDataPresentInPunchOutCard(org.testng.ITestContext)[pri:8, instance:com.epam.TestAutomation.Project.Selenium.Tests.TestAttendanceFeatures@3646a422]" started-at="2022-03-10T16:32:07 IST" name="TestPunchInDataPresentInPunchOutCard" finished-at="2022-03-10T16:32:07 IST" duration-ms="173" status="PASS">
          <params>
            <param index="0">
              <value>
                <![CDATA[org.testng.TestRunner@72fd8a3c]]>
              </value>
            </param>
          </params>
          <reporter-output>
          </reporter-output>
        </test-method> <!-- TestPunchInDataPresentInPunchOutCard -->
        <test-method signature="TestPunchOutDataAppearsInTimeSheetDetailsAfterPunchOut(org.testng.ITestContext)[pri:9, instance:com.epam.TestAutomation.Project.Selenium.Tests.TestAttendanceFeatures@3646a422]" started-at="2022-03-10T16:32:07 IST" name="TestPunchOutDataAppearsInTimeSheetDetailsAfterPunchOut" finished-at="2022-03-10T16:32:16 IST" duration-ms="8886" status="PASS">
          <params>
            <param index="0">
              <value>
                <![CDATA[org.testng.TestRunner@72fd8a3c]]>
              </value>
            </param>
          </params>
          <reporter-output>
          </reporter-output>
        </test-method> <!-- TestPunchOutDataAppearsInTimeSheetDetailsAfterPunchOut -->
        <test-method signature="TestPunchInOverlappingErrorMessageDisplay(org.testng.ITestContext)[pri:10, instance:com.epam.TestAutomation.Project.Selenium.Tests.TestAttendanceFeatures@3646a422]" started-at="2022-03-10T16:32:16 IST" name="TestPunchInOverlappingErrorMessageDisplay" finished-at="2022-03-10T16:32:21 IST" duration-ms="5303" status="PASS">
          <params>
            <param index="0">
              <value>
                <![CDATA[org.testng.TestRunner@72fd8a3c]]>
              </value>
            </param>
          </params>
          <reporter-output>
          </reporter-output>
        </test-method> <!-- TestPunchInOverlappingErrorMessageDisplay -->
        <test-method signature="TestPunchOutTimeLaterThanIntimeErrorMessageDisplay(org.testng.ITestContext)[pri:11, instance:com.epam.TestAutomation.Project.Selenium.Tests.TestAttendanceFeatures@3646a422]" started-at="2022-03-10T16:32:21 IST" name="TestPunchOutTimeLaterThanIntimeErrorMessageDisplay" finished-at="2022-03-10T16:32:35 IST" duration-ms="13299" status="PASS">
          <params>
            <param index="0">
              <value>
                <![CDATA[org.testng.TestRunner@72fd8a3c]]>
              </value>
            </param>
          </params>
          <reporter-output>
          </reporter-output>
        </test-method> <!-- TestPunchOutTimeLaterThanIntimeErrorMessageDisplay -->
        <test-method signature="TestInValidFormatErrorMessage(org.testng.ITestContext)[pri:12, instance:com.epam.TestAutomation.Project.Selenium.Tests.TestAttendanceFeatures@3646a422]" started-at="2022-03-10T16:32:35 IST" name="TestInValidFormatErrorMessage" finished-at="2022-03-10T16:32:36 IST" duration-ms="1797" status="PASS">
          <params>
            <param index="0">
              <value>
                <![CDATA[org.testng.TestRunner@72fd8a3c]]>
              </value>
            </param>
          </params>
          <reporter-output>
          </reporter-output>
        </test-method> <!-- TestInValidFormatErrorMessage -->
        <test-method signature="TestInValidTimeFormatErrorMessage(org.testng.ITestContext)[pri:13, instance:com.epam.TestAutomation.Project.Selenium.Tests.TestAttendanceFeatures@3646a422]" started-at="2022-03-10T16:32:36 IST" name="TestInValidTimeFormatErrorMessage" finished-at="2022-03-10T16:32:38 IST" duration-ms="1889" status="PASS">
          <params>
            <param index="0">
              <value>
                <![CDATA[org.testng.TestRunner@72fd8a3c]]>
              </value>
            </param>
          </params>
          <reporter-output>
          </reporter-output>
        </test-method> <!-- TestInValidTimeFormatErrorMessage -->
        <test-method signature="TestPunchIconToggleAfterDeletingPunchInData(org.testng.ITestContext)[pri:14, instance:com.epam.TestAutomation.Project.Selenium.Tests.TestAttendanceFeatures@3646a422]" started-at="2022-03-10T16:32:38 IST" name="TestPunchIconToggleAfterDeletingPunchInData" finished-at="2022-03-10T16:32:45 IST" duration-ms="6894" status="PASS">
          <params>
            <param index="0">
              <value>
                <![CDATA[org.testng.TestRunner@72fd8a3c]]>
              </value>
            </param>
          </params>
          <reporter-output>
          </reporter-output>
        </test-method> <!-- TestPunchIconToggleAfterDeletingPunchInData -->
        <test-method signature="TestPunchCardToggleToPunchOutWhenGivenDateHasPunchedInSession(org.testng.ITestContext)[pri:15, instance:com.epam.TestAutomation.Project.Selenium.Tests.TestAttendanceFeatures@3646a422]" started-at="2022-03-10T16:32:45 IST" name="TestPunchCardToggleToPunchOutWhenGivenDateHasPunchedInSession" finished-at="2022-03-10T16:33:05 IST" duration-ms="19473" status="PASS">
          <params>
            <param index="0">
              <value>
                <![CDATA[org.testng.TestRunner@72fd8a3c]]>
              </value>
            </param>
          </params>
          <reporter-output>
          </reporter-output>
        </test-method> <!-- TestPunchCardToggleToPunchOutWhenGivenDateHasPunchedInSession -->
        <test-method signature="TestTotalHoursAggregation()[pri:16, instance:com.epam.TestAutomation.Project.Selenium.Tests.TestAttendanceFeatures@3646a422]" started-at="2022-03-10T16:33:05 IST" name="TestTotalHoursAggregation" finished-at="2022-03-10T16:33:28 IST" duration-ms="23401" status="PASS">
          <reporter-output>
          </reporter-output>
        </test-method> <!-- TestTotalHoursAggregation -->
        <test-method signature="TestPunchOutAfterPunchInBeforeValidSession()[pri:17, instance:com.epam.TestAutomation.Project.Selenium.Tests.TestAttendanceFeatures@3646a422]" started-at="2022-03-10T16:33:28 IST" name="TestPunchOutAfterPunchInBeforeValidSession" finished-at="2022-03-10T16:33:38 IST" duration-ms="9449" status="FAIL">
          <exception class="java.lang.AssertionError">
            <message>
              <![CDATA[expected [false] but found [true]]]>
            </message>
            <full-stacktrace>
              <![CDATA[java.lang.AssertionError: expected [false] but found [true]
at org.testng.Assert.fail(Assert.java:110)
at org.testng.Assert.failNotEquals(Assert.java:1413)
at org.testng.Assert.assertFalse(Assert.java:78)
at org.testng.Assert.assertFalse(Assert.java:88)
at com.epam.TestAutomation.Project.Selenium.Tests.TestAttendanceFeatures.TestPunchOutAfterPunchInBeforeValidSession(TestAttendanceFeatures.java:275)
at java.base/jdk.internal.reflect.NativeMethodAccessorImpl.invoke0(Native Method)
at java.base/jdk.internal.reflect.NativeMethodAccessorImpl.invoke(NativeMethodAccessorImpl.java:77)
at java.base/jdk.internal.reflect.DelegatingMethodAccessorImpl.invoke(DelegatingMethodAccessorImpl.java:43)
at java.base/java.lang.reflect.Method.invoke(Method.java:568)
at org.testng.internal.invokers.MethodInvocationHelper.invokeMethod(MethodInvocationHelper.java:135)
at org.testng.internal.invokers.TestInvoker.invokeMethod(TestInvoker.java:673)
at org.testng.internal.invokers.TestInvoker.invokeTestMethod(TestInvoker.java:220)
at org.testng.internal.invokers.MethodRunner.runInSequence(MethodRunner.java:50)
at org.testng.internal.invokers.TestInvoker$MethodInvocationAgent.invoke(TestInvoker.java:945)
at org.testng.internal.invokers.TestInvoker.invokeTestMethods(TestInvoker.java:193)
at org.testng.internal.invokers.TestMethodWorker.invokeTestMethods(TestMethodWorker.java:146)
at org.testng.internal.invokers.TestMethodWorker.run(TestMethodWorker.java:128)
at java.base/java.util.ArrayList.forEach(ArrayList.java:1511)
at org.testng.TestRunner.privateRun(TestRunner.java:808)
at org.testng.TestRunner.run(TestRunner.java:603)
at org.testng.SuiteRunner.runTest(SuiteRunner.java:429)
at org.testng.SuiteRunner.runSequentially(SuiteRunner.java:423)
at org.testng.SuiteRunner.privateRun(SuiteRunner.java:383)
at org.testng.SuiteRunner.run(SuiteRunner.java:326)
at org.testng.SuiteRunnerWorker.runSuite(SuiteRunnerWorker.java:52)
at org.testng.SuiteRunnerWorker.run(SuiteRunnerWorker.java:95)
at org.testng.TestNG.runSuitesSequentially(TestNG.java:1249)
at org.testng.TestNG.runSuitesLocally(TestNG.java:1169)
at org.testng.TestNG.runSuites(TestNG.java:1092)
at org.testng.TestNG.run(TestNG.java:1060)
at org.testng.remote.AbstractRemoteTestNG.run(AbstractRemoteTestNG.java:115)
at org.testng.remote.RemoteTestNG.initAndRun(RemoteTestNG.java:251)
at org.testng.remote.RemoteTestNG.main(RemoteTestNG.java:77)
]]>
            </full-stacktrace>
          </exception> <!-- java.lang.AssertionError -->
          <reporter-output>
          </reporter-output>
        </test-method> <!-- TestPunchOutAfterPunchInBeforeValidSession -->
        <test-method is-config="true" signature="close()[pri:0, instance:com.epam.TestAutomation.Project.Selenium.Tests.TestAttendanceFeatures@3646a422]" started-at="2022-03-10T16:33:38 IST" name="close" finished-at="2022-03-10T16:33:51 IST" duration-ms="12922" status="PASS">
          <reporter-output>
          </reporter-output>
        </test-method> <!-- close -->
      </class> <!-- com.epam.TestAutomation.Project.Selenium.Tests.TestAttendanceFeatures -->
    </test> <!-- TestSeleniumOfAttendancesheet -->
  </suite> <!-- TestOrangeHRMSeleniumTesting -->
</testng-results>
