<?xml version="1.0" encoding="UTF-8"?>
<testng-results ignored="2" total="9" passed="7" failed="0" skipped="0">
  <reporter-output>
  </reporter-output>
  <suite started-at="2022-02-21T00:00:36 IST" name="MyFirstSuite" finished-at="2022-02-21T00:01:19 IST" duration-ms="42617">
    <groups>
    </groups>
    <test started-at="2022-02-21T00:00:36 IST" name="MyFirstTest" finished-at="2022-02-21T00:01:19 IST" duration-ms="42617">
      <class name="com.epam.selenium.SeleniumAssignment.OrangeHrmApplyLeaveFunctionalityWithDifferentScenarios">
        <test-method is-config="true" signature="setUp(java.lang.String)[pri:0, instance:com.epam.selenium.SeleniumAssignment.OrangeHrmApplyLeaveFunctionalityWithDifferentScenarios@54a7079e]" started-at="2022-02-21T00:00:37 IST" name="setUp" finished-at="2022-02-21T00:00:55 IST" duration-ms="18803" status="PASS">
          <params>
            <param index="0">
              <value>
                <![CDATA[firefox]]>
              </value>
            </param>
          </params>
          <reporter-output>
          </reporter-output>
        </test-method> <!-- setUp -->
        <test-method signature="testNavigationToApplyLeavePageFromDashBoardPage()[pri:1, instance:com.epam.selenium.SeleniumAssignment.OrangeHrmApplyLeaveFunctionalityWithDifferentScenarios@54a7079e]" started-at="2022-02-21T00:00:55 IST" name="testNavigationToApplyLeavePageFromDashBoardPage" finished-at="2022-02-21T00:00:56 IST" duration-ms="683" status="PASS">
          <reporter-output>
          </reporter-output>
        </test-method> <!-- testNavigationToApplyLeavePageFromDashBoardPage -->
        <test-method signature="testSelectLeaveTypeInDropDownInApplyLeavePage()[pri:2, instance:com.epam.selenium.SeleniumAssignment.OrangeHrmApplyLeaveFunctionalityWithDifferentScenarios@54a7079e]" started-at="2022-02-21T00:00:56 IST" name="testSelectLeaveTypeInDropDownInApplyLeavePage" finished-at="2022-02-21T00:01:02 IST" duration-ms="6430" status="PASS">
          <reporter-output>
          </reporter-output>
        </test-method> <!-- testSelectLeaveTypeInDropDownInApplyLeavePage -->
        <test-method signature="testErrorMessageWhenFromDateIsAfterToDate()[pri:3, instance:com.epam.selenium.SeleniumAssignment.OrangeHrmApplyLeaveFunctionalityWithDifferentScenarios@54a7079e]" started-at="2022-02-21T00:01:02 IST" name="testErrorMessageWhenFromDateIsAfterToDate" finished-at="2022-02-21T00:01:04 IST" duration-ms="1498" status="PASS">
          <reporter-output>
          </reporter-output>
        </test-method> <!-- testErrorMessageWhenFromDateIsAfterToDate -->
        <test-method signature="testErrorMessageDisappearanceAfterToDateModified()[pri:4, instance:com.epam.selenium.SeleniumAssignment.OrangeHrmApplyLeaveFunctionalityWithDifferentScenarios@54a7079e]" started-at="2022-02-21T00:01:04 IST" name="testErrorMessageDisappearanceAfterToDateModified" finished-at="2022-02-21T00:01:15 IST" duration-ms="10699" status="PASS">
          <exception class="org.openqa.selenium.NoSuchElementException">
            <message>
              <![CDATA[Timed out after 10 seconds. Unable to locate the element]]>
            </message>
            <full-stacktrace>
              <![CDATA[org.openqa.selenium.NoSuchElementException: Timed out after 10 seconds. Unable to locate the element
at org.openqa.selenium.support.pagefactory.AjaxElementLocator.findElement(AjaxElementLocator.java:99)
at org.openqa.selenium.support.pagefactory.internal.LocatingElementHandler.invoke(LocatingElementHandler.java:39)
at jdk.proxy2/jdk.proxy2.$Proxy16.isDisplayed(Unknown Source)
at com.epam.selenium.SeleniumAssignment.OrangeHrmApplyLeaveFunctionalityWithDifferentScenarios.testErrorMessageDisappearanceAfterToDateModified(OrangeHrmApplyLeaveFunctionalityWithDifferentScenarios.java:89)
at java.base/jdk.internal.reflect.NativeMethodAccessorImpl.invoke0(Native Method)
at java.base/jdk.internal.reflect.NativeMethodAccessorImpl.invoke(NativeMethodAccessorImpl.java:77)
at java.base/jdk.internal.reflect.DelegatingMethodAccessorImpl.invoke(DelegatingMethodAccessorImpl.java:43)
at java.base/java.lang.reflect.Method.invoke(Method.java:568)
at org.testng.internal.invokers.MethodInvocationHelper.invokeMethod(MethodInvocationHelper.java:135)
at org.testng.internal.invokers.TestInvoker.invokeMethod(TestInvoker.java:673)
at org.testng.internal.invokers.TestInvoker.invokeTestMethod(TestInvoker.java:220)
at org.testng.internal.invokers.MethodRunner.runInSequence(MethodRunner.java:50)
at org.testng.internal.invokers.TestInvoker$MethodInvocationAgent.invoke(TestInvoker.java:945)
at org.testng.internal.invokers.TestInvoker.invokeTestMethods(TestInvoker.java:193)
at org.testng.internal.invokers.TestMethodWorker.invokeTestMethods(TestMethodWorker.java:146)
at org.testng.internal.invokers.TestMethodWorker.run(TestMethodWorker.java:128)
at java.base/java.util.ArrayList.forEach(ArrayList.java:1511)
at org.testng.TestRunner.privateRun(TestRunner.java:808)
at org.testng.TestRunner.run(TestRunner.java:603)
at org.testng.SuiteRunner.runTest(SuiteRunner.java:429)
at org.testng.SuiteRunner.runSequentially(SuiteRunner.java:423)
at org.testng.SuiteRunner.privateRun(SuiteRunner.java:383)
at org.testng.SuiteRunner.run(SuiteRunner.java:326)
at org.testng.SuiteRunnerWorker.runSuite(SuiteRunnerWorker.java:52)
at org.testng.SuiteRunnerWorker.run(SuiteRunnerWorker.java:95)
at org.testng.TestNG.runSuitesSequentially(TestNG.java:1249)
at org.testng.TestNG.runSuitesLocally(TestNG.java:1169)
at org.testng.TestNG.runSuites(TestNG.java:1092)
at org.testng.TestNG.run(TestNG.java:1060)
at org.testng.remote.AbstractRemoteTestNG.run(AbstractRemoteTestNG.java:115)
at org.testng.remote.RemoteTestNG.initAndRun(RemoteTestNG.java:251)
at org.testng.remote.RemoteTestNG.main(RemoteTestNG.java:77)
Caused by: org.openqa.selenium.NoSuchElementException: Unable to locate element: //span[text()="From date should be before to date"]
For documentation on this error, please visit: https://selenium.dev/exceptions/#no_such_element
Build info: version: '4.1.2', revision: '9a5a329c5a'
System info: host: 'EPINHYDW0D51', ip: '192.168.43.73', os.name: 'Windows 10', os.arch: 'amd64', os.version: '10.0', java.version: '17.0.1'
Driver info: org.openqa.selenium.firefox.FirefoxDriver
Command: [84f89428-e85f-4a2a-808c-169283606787, findElement {using=xpath, value=//span[text()="From date should be before to date"]}]
Capabilities {acceptInsecureCerts: true, browserName: firefox, browserVersion: 97.0, javascriptEnabled: true, moz:accessibilityChecks: false, moz:buildID: 20220202182137, moz:debuggerAddress: localhost:53323, moz:geckodriverVersion: 0.30.0, moz:headless: false, moz:processID: 25472, moz:profile: C:\Users\Vinaykumar_Kavala\..., moz:shutdownTimeout: 60000, moz:useNonSpecCompliantPointerOrigin: false, moz:webdriverClick: true, pageLoadStrategy: normal, platform: WINDOWS, platformName: WINDOWS, platformVersion: 10.0, proxy: Proxy(), se:cdp: ws://localhost:53323/devtoo..., se:cdpVersion: 85.0, setWindowRect: true, strictFileInteractability: false, timeouts: {implicit: 0, pageLoad: 300000, script: 30000}, unhandledPromptBehavior: dismiss and notify}
Session ID: 84f89428-e85f-4a2a-808c-169283606787
at jdk.internal.reflect.GeneratedConstructorAccessor13.newInstance(Unknown Source)
at java.base/jdk.internal.reflect.DelegatingConstructorAccessorImpl.newInstance(DelegatingConstructorAccessorImpl.java:45)
at java.base/java.lang.reflect.Constructor.newInstanceWithCaller(Constructor.java:499)
at java.base/java.lang.reflect.Constructor.newInstance(Constructor.java:480)
at org.openqa.selenium.remote.codec.w3c.W3CHttpResponseCodec.createException(W3CHttpResponseCodec.java:200)
at org.openqa.selenium.remote.codec.w3c.W3CHttpResponseCodec.decode(W3CHttpResponseCodec.java:133)
at org.openqa.selenium.remote.codec.w3c.W3CHttpResponseCodec.decode(W3CHttpResponseCodec.java:53)
at org.openqa.selenium.remote.HttpCommandExecutor.execute(HttpCommandExecutor.java:184)
at org.openqa.selenium.remote.service.DriverCommandExecutor.invokeExecute(DriverCommandExecutor.java:167)
at org.openqa.selenium.remote.service.DriverCommandExecutor.execute(DriverCommandExecutor.java:142)
at org.openqa.selenium.remote.RemoteWebDriver.execute(RemoteWebDriver.java:558)
at org.openqa.selenium.remote.ElementLocation$ElementFinder$2.findElement(ElementLocation.java:162)
at org.openqa.selenium.remote.ElementLocation.findElement(ElementLocation.java:60)
at org.openqa.selenium.remote.RemoteWebDriver.findElement(RemoteWebDriver.java:382)
at org.openqa.selenium.remote.RemoteWebDriver.findElement(RemoteWebDriver.java:374)
at org.openqa.selenium.support.pagefactory.DefaultElementLocator.findElement(DefaultElementLocator.java:70)
at org.openqa.selenium.support.pagefactory.AjaxElementLocator.access$001(AjaxElementLocator.java:39)
at org.openqa.selenium.support.pagefactory.AjaxElementLocator$SlowLoadingElement.isLoaded(AjaxElementLocator.java:165)
at org.openqa.selenium.support.ui.SlowLoadableComponent.get(SlowLoadableComponent.java:72)
at org.openqa.selenium.support.pagefactory.AjaxElementLocator.findElement(AjaxElementLocator.java:95)
... 31 more
]]>
            </full-stacktrace>
          </exception> <!-- org.openqa.selenium.NoSuchElementException -->
          <reporter-output>
          </reporter-output>
        </test-method> <!-- testErrorMessageDisappearanceAfterToDateModified -->
        <test-method signature="testLeaveBalnceAvailable()[pri:5, instance:com.epam.selenium.SeleniumAssignment.OrangeHrmApplyLeaveFunctionalityWithDifferentScenarios@54a7079e]" started-at="2022-02-21T00:01:15 IST" name="testLeaveBalnceAvailable" finished-at="2022-02-21T00:01:17 IST" duration-ms="1909" status="PASS">
          <reporter-output>
          </reporter-output>
        </test-method> <!-- testLeaveBalnceAvailable -->
        <test-method signature="testNavigateToLeaveListPageFromApplyLeavePage()[pri:6, instance:com.epam.selenium.SeleniumAssignment.OrangeHrmApplyLeaveFunctionalityWithDifferentScenarios@54a7079e]" started-at="2022-02-21T00:01:17 IST" name="testNavigateToLeaveListPageFromApplyLeavePage" finished-at="2022-02-21T00:01:17 IST" duration-ms="378" status="PASS">
          <reporter-output>
          </reporter-output>
        </test-method> <!-- testNavigateToLeaveListPageFromApplyLeavePage -->
        <test-method signature="FillTheLeaveListForm()[pri:7, instance:com.epam.selenium.SeleniumAssignment.OrangeHrmApplyLeaveFunctionalityWithDifferentScenarios@54a7079e]" started-at="2022-02-21T00:01:17 IST" name="FillTheLeaveListForm" finished-at="2022-02-21T00:01:19 IST" duration-ms="2154" status="PASS">
          <reporter-output>
          </reporter-output>
        </test-method> <!-- FillTheLeaveListForm -->
      </class> <!-- com.epam.selenium.SeleniumAssignment.OrangeHrmApplyLeaveFunctionalityWithDifferentScenarios -->
    </test> <!-- MyFirstTest -->
  </suite> <!-- MyFirstSuite -->
</testng-results>
