<!DOCTYPE html>

<html>
  <head>
  <meta charset='utf-8'>
  <title>TestNG reports</title>

    <link type="text/css" href="testng-reports1.css" rel="stylesheet" id="ultra" />
    <link type="text/css" href="testng-reports.css" rel="stylesheet" id="retro" disabled="false"/>
    <script type="text/javascript" src="jquery.min.js"></script>
    <script type="text/javascript" src="testng-reports.js"></script>
    <script type="text/javascript" src="https://www.google.com/jsapi"></script>
    <script type='text/javascript'>
      google.load('visualization', '1', {packages:['table']});
      google.setOnLoadCallback(drawTable);
      var suiteTableInitFunctions = new Array();
      var suiteTableData = new Array();
    </script>
    <!--
      <script type="text/javascript" src="jquery-ui/js/jquery-ui-1.8.16.custom.min.js"></script>
     -->
  </head>

  <body>
    <div class="top-banner-root">
      <span class="top-banner-title-font">Test results</span>
      <button id="button" class="button">Switch Retro Theme</button> <!-- button -->
      <br/>
      <span class="top-banner-font-1">1 suite, 5 failed tests</span>
    </div> <!-- top-banner-root -->
    <div class="navigator-root">
      <div class="navigator-suite-header">
        <span>All suites</span>
        <a href="#" title="Collapse/expand all the suites" class="collapse-all-link">
          <img src="collapseall.gif" class="collapse-all-icon">
          </img> <!-- collapse-all-icon -->
        </a> <!-- collapse-all-link -->
      </div> <!-- navigator-suite-header -->
      <div class="suite">
        <div class="rounded-window">
          <div class="suite-header light-rounded-window-top">
            <a href="#" panel-name="suite-TestOrangeHRMAPITesting" class="navigator-link">
              <span class="suite-name border-failed">TestOrangeHRMAPITesting</span>
            </a> <!-- navigator-link -->
          </div> <!-- suite-header light-rounded-window-top -->
          <div class="navigator-suite-content">
            <div class="suite-section-title">
              <span>Info</span>
            </div> <!-- suite-section-title -->
            <div class="suite-section-content">
              <ul>
                <li>
                  <a href="#" panel-name="test-xml-TestOrangeHRMAPITesting" class="navigator-link ">
                    <span>C:\Users\Vinaykumar_Kavala\Test Automation\Project_RestAPI_Testing\src\test\APITesting.xml</span>
                  </a> <!-- navigator-link  -->
                </li>
                <li>
                  <a href="#" panel-name="testlist-TestOrangeHRMAPITesting" class="navigator-link ">
                    <span class="test-stats">1 test</span>
                  </a> <!-- navigator-link  -->
                </li>
                <li>
                  <a href="#" panel-name="group-TestOrangeHRMAPITesting" class="navigator-link ">
                    <span>0 groups</span>
                  </a> <!-- navigator-link  -->
                </li>
                <li>
                  <a href="#" panel-name="times-TestOrangeHRMAPITesting" class="navigator-link ">
                    <span>Times</span>
                  </a> <!-- navigator-link  -->
                </li>
                <li>
                  <a href="#" panel-name="reporter-TestOrangeHRMAPITesting" class="navigator-link ">
                    <span>Reporter output</span>
                  </a> <!-- navigator-link  -->
                </li>
                <li>
                  <a href="#" panel-name="ignored-methods-TestOrangeHRMAPITesting" class="navigator-link ">
                    <span>Ignored methods</span>
                  </a> <!-- navigator-link  -->
                </li>
                <li>
                  <a href="#" panel-name="chronological-TestOrangeHRMAPITesting" class="navigator-link ">
                    <span>Chronological view</span>
                  </a> <!-- navigator-link  -->
                </li>
              </ul>
            </div> <!-- suite-section-content -->
            <div class="result-section">
              <div class="suite-section-title">
                <span>Results</span>
              </div> <!-- suite-section-title -->
              <div class="suite-section-content">
                <ul>
                  <li>
                    <span class="method-stats">7 methods, 5 failed,   2 passed</span>
                  </li>
                  <li>
                    <span class="method-list-title failed">Failed methods</span>
                    <span class="show-or-hide-methods failed">
                      <a href="#" panel-name="suite-TestOrangeHRMAPITesting" class="hide-methods failed suite-TestOrangeHRMAPITesting"> (hide)</a> <!-- hide-methods failed suite-TestOrangeHRMAPITesting -->
                      <a href="#" panel-name="suite-TestOrangeHRMAPITesting" class="show-methods failed suite-TestOrangeHRMAPITesting"> (show)</a> <!-- show-methods failed suite-TestOrangeHRMAPITesting -->
                    </span>
                    <div class="method-list-content failed suite-TestOrangeHRMAPITesting">
                      <span>
                        <img src="failed.png" width="3%"/>
                        <a href="#" panel-name="suite-TestOrangeHRMAPITesting" title="com.epam.TestAutomation.Project.APITesting.Tests.TestAPIOfAttendanceSheet" class="method navigator-link" hash-for-method="TestPatchtResponsePunchOutAgainAfterPunchOut(org.testng.TestRunner@60bdf15d)">TestPatchtResponsePunchOutAgainAfterPunchOut(org.testng.TestRunner@60bdf15d)</a> <!-- method navigator-link -->
                      </span>
                      <br/>
                      <span>
                        <img src="failed.png" width="3%"/>
                        <a href="#" panel-name="suite-TestOrangeHRMAPITesting" title="com.epam.TestAutomation.Project.APITesting.Tests.TestAPIOfAttendanceSheet" class="method navigator-link" hash-for-method="TestPatchtResponsePunchOutBeforePunchIn(org.testng.TestRunner@60bdf15d)">TestPatchtResponsePunchOutBeforePunchIn(org.testng.TestRunner@60bdf15d)</a> <!-- method navigator-link -->
                      </span>
                      <br/>
                      <span>
                        <img src="failed.png" width="3%"/>
                        <a href="#" panel-name="suite-TestOrangeHRMAPITesting" title="com.epam.TestAutomation.Project.APITesting.Tests.TestAPIOfAttendanceSheet" class="method navigator-link" hash-for-method="TestPostResponseOfPunchIn(org.testng.TestRunner@60bdf15d)">TestPostResponseOfPunchIn(org.testng.TestRunner@60bdf15d)</a> <!-- method navigator-link -->
                      </span>
                      <br/>
                      <span>
                        <img src="failed.png" width="3%"/>
                        <a href="#" panel-name="suite-TestOrangeHRMAPITesting" title="com.epam.TestAutomation.Project.APITesting.Tests.TestAPIOfAttendanceSheet" class="method navigator-link" hash-for-method="TestPostResponseOfValidPunchOut(org.testng.TestRunner@60bdf15d)">TestPostResponseOfValidPunchOut(org.testng.TestRunner@60bdf15d)</a> <!-- method navigator-link -->
                      </span>
                      <br/>
                      <span>
                        <img src="failed.png" width="3%"/>
                        <a href="#" panel-name="suite-TestOrangeHRMAPITesting" title="com.epam.TestAutomation.Project.APITesting.Tests.TestAPIOfAttendanceSheet" class="method navigator-link" hash-for-method="TestTotalHoursAggregation(org.testng.TestRunner@60bdf15d)">TestTotalHoursAggregation(org.testng.TestRunner@60bdf15d)</a> <!-- method navigator-link -->
                      </span>
                      <br/>
                    </div> <!-- method-list-content failed suite-TestOrangeHRMAPITesting -->
                  </li>
                  <li>
                    <span class="method-list-title passed">Passed methods</span>
                    <span class="show-or-hide-methods passed">
                      <a href="#" panel-name="suite-TestOrangeHRMAPITesting" class="hide-methods passed suite-TestOrangeHRMAPITesting"> (hide)</a> <!-- hide-methods passed suite-TestOrangeHRMAPITesting -->
                      <a href="#" panel-name="suite-TestOrangeHRMAPITesting" class="show-methods passed suite-TestOrangeHRMAPITesting"> (show)</a> <!-- show-methods passed suite-TestOrangeHRMAPITesting -->
                    </span>
                    <div class="method-list-content passed suite-TestOrangeHRMAPITesting">
                      <span>
                        <img src="passed.png" width="3%"/>
                        <a href="#" panel-name="suite-TestOrangeHRMAPITesting" title="com.epam.TestAutomation.Project.APITesting.Tests.TestAPIOfAttendanceSheet" class="method navigator-link" hash-for-method="TestGetResponseOfAttendanceSheet(org.testng.TestRunner@60bdf15d)">TestGetResponseOfAttendanceSheet(org.testng.TestRunner@60bdf15d)</a> <!-- method navigator-link -->
                      </span>
                      <br/>
                      <span>
                        <img src="passed.png" width="3%"/>
                        <a href="#" panel-name="suite-TestOrangeHRMAPITesting" title="com.epam.TestAutomation.Project.APITesting.Tests.TestAPIOfAttendanceSheet" class="method navigator-link" hash-for-method="TestPostResponseOfPunchInOverlapping(org.testng.TestRunner@60bdf15d)">TestPostResponseOfPunchInOverlapping(org.testng.TestRunner@60bdf15d)</a> <!-- method navigator-link -->
                      </span>
                      <br/>
                    </div> <!-- method-list-content passed suite-TestOrangeHRMAPITesting -->
                  </li>
                </ul>
              </div> <!-- suite-section-content -->
            </div> <!-- result-section -->
          </div> <!-- navigator-suite-content -->
        </div> <!-- rounded-window -->
      </div> <!-- suite -->
    </div> <!-- navigator-root -->
    <div class="wrapper">
      <div class="main-panel-root">
        <div panel-name="suite-TestOrangeHRMAPITesting" class="panel TestOrangeHRMAPITesting">
          <div class="suite-TestOrangeHRMAPITesting-class-failed">
            <div class="main-panel-header rounded-window-top">
              <img src="failed.png"/>
              <span class="class-name">com.epam.TestAutomation.Project.APITesting.Tests.TestAPIOfAttendanceSheet</span>
            </div> <!-- main-panel-header rounded-window-top -->
            <div class="main-panel-content rounded-window-bottom">
              <div class="method">
                <div class="method-content">
                  <a name="TestPatchtResponsePunchOutAgainAfterPunchOut(org.testng.TestRunner@60bdf15d)">
                  </a> <!-- TestPatchtResponsePunchOutAgainAfterPunchOut(org.testng.TestRunner@60bdf15d) -->
                  <span class="method-name">TestPatchtResponsePunchOutAgainAfterPunchOut</span>
                  <span class="parameters">(org.testng.TestRunner@60bdf15d)</span>
                  <div class="stack-trace">java.lang.IllegalArgumentException: parameterValue cannot be null
	at org.codehaus.groovy.runtime.callsite.ConstructorSite$ConstructorSiteNoUnwrap.callConstructor(ConstructorSite.java:84)
	at org.codehaus.groovy.runtime.callsite.AbstractCallSite.callConstructor(AbstractCallSite.java:277)
	at io.restassured.internal.common.assertion.AssertParameter.notNull(AssertParameter.groovy:26)
	at io.restassured.internal.common.assertion.AssertParameter$notNull.callStatic(Unknown Source)
	at io.restassured.internal.RequestSpecificationImpl.pathParam(RequestSpecificationImpl.groovy:514)
	at com.epam.TestAutomation.Project.API.Utilities.HttpsMethods.PatchPunchOut(HttpsMethods.java:126)
	at com.epam.TestAutomation.Project.APITesting.Tests.TestAPIOfAttendanceSheet.TestPatchtResponsePunchOutAgainAfterPunchOut(TestAPIOfAttendanceSheet.java:123)
	at java.base/java.util.ArrayList.forEach(ArrayList.java:1511)
... Removed 34 stack frames
</div> <!-- stack-trace -->
                </div> <!-- method-content -->
              </div> <!-- method -->
              <div class="method">
                <div class="method-content">
                  <a name="TestPatchtResponsePunchOutBeforePunchIn(org.testng.TestRunner@60bdf15d)">
                  </a> <!-- TestPatchtResponsePunchOutBeforePunchIn(org.testng.TestRunner@60bdf15d) -->
                  <span class="method-name">TestPatchtResponsePunchOutBeforePunchIn</span>
                  <span class="parameters">(org.testng.TestRunner@60bdf15d)</span>
                  <div class="stack-trace">java.lang.AssertionError: 1 expectation failed.
Expected status code &lt;201&gt; but was &lt;403&gt;.

	at org.codehaus.groovy.runtime.callsite.ConstructorSite$ConstructorSiteNoUnwrapNoCoerce.callConstructor(ConstructorSite.java:105)
	at org.codehaus.groovy.runtime.callsite.CallSiteArray.defaultCallConstructor(CallSiteArray.java:59)
	at org.codehaus.groovy.runtime.callsite.AbstractCallSite.callConstructor(AbstractCallSite.java:263)
	at org.codehaus.groovy.runtime.callsite.AbstractCallSite.callConstructor(AbstractCallSite.java:277)
	at io.restassured.internal.ResponseSpecificationImpl$HamcrestAssertionClosure.validate(ResponseSpecificationImpl.groovy:492)
	at io.restassured.internal.ResponseSpecificationImpl$HamcrestAssertionClosure$validate$1.call(Unknown Source)
	at io.restassured.internal.ResponseSpecificationImpl.validateResponseIfRequired(ResponseSpecificationImpl.groovy:655)
	at org.codehaus.groovy.runtime.callsite.PlainObjectMetaMethodSite.doInvoke(PlainObjectMetaMethodSite.java:43)
	at org.codehaus.groovy.runtime.callsite.PogoMetaMethodSite$PogoCachedMethodSiteNoUnwrapNoCoerce.invoke(PogoMetaMethodSite.java:193)
	at org.codehaus.groovy.runtime.callsite.PogoMetaMethodSite.callCurrent(PogoMetaMethodSite.java:61)
	at org.codehaus.groovy.runtime.callsite.AbstractCallSite.callCurrent(AbstractCallSite.java:185)
	at io.restassured.internal.ResponseSpecificationImpl.statusCode(ResponseSpecificationImpl.groovy:125)
	at io.restassured.specification.ResponseSpecification$statusCode$0.callCurrent(Unknown Source)
	at io.restassured.internal.ResponseSpecificationImpl.statusCode(ResponseSpecificationImpl.groovy:133)
	at io.restassured.internal.ValidatableResponseOptionsImpl.statusCode(ValidatableResponseOptionsImpl.java:89)
	at io.restassured.internal.ValidatableResponseImpl.super$2$statusCode(ValidatableResponseImpl.groovy)
	at groovy.lang.MetaMethod.doMethodInvoke(MetaMethod.java:323)
	at groovy.lang.MetaClassImpl.invokeMethod(MetaClassImpl.java:1262)
	at org.codehaus.groovy.runtime.ScriptBytecodeAdapter.invokeMethodOnSuperN(ScriptBytecodeAdapter.java:144)
	at io.restassured.internal.ValidatableResponseImpl.statusCode(ValidatableResponseImpl.groovy:142)
	at io.restassured.internal.ValidatableResponseImpl.statusCode(ValidatableResponseImpl.groovy)
	at com.epam.TestAutomation.Project.API.Utilities.HttpsMethods.PostPunchIn(HttpsMethods.java:99)
	at com.epam.TestAutomation.Project.APITesting.Tests.TestAPIOfAttendanceSheet.TestPatchtResponsePunchOutBeforePunchIn(TestAPIOfAttendanceSheet.java:143)
	at java.base/java.util.ArrayList.forEach(ArrayList.java:1511)
... Removed 42 stack frames
</div> <!-- stack-trace -->
                </div> <!-- method-content -->
              </div> <!-- method -->
              <div class="method">
                <div class="method-content">
                  <a name="TestPostResponseOfPunchIn(org.testng.TestRunner@60bdf15d)">
                  </a> <!-- TestPostResponseOfPunchIn(org.testng.TestRunner@60bdf15d) -->
                  <span class="method-name">TestPostResponseOfPunchIn</span>
                  <span class="parameters">(org.testng.TestRunner@60bdf15d)</span>
                  <div class="stack-trace">java.lang.AssertionError: expected [true] but found [false]
	at com.epam.TestAutomation.Project.APITesting.Tests.TestAPIOfAttendanceSheet.TestPostResponseOfPunchIn(TestAPIOfAttendanceSheet.java:67)
	at java.base/java.util.ArrayList.forEach(ArrayList.java:1511)
... Removed 31 stack frames
</div> <!-- stack-trace -->
                </div> <!-- method-content -->
              </div> <!-- method -->
              <div class="method">
                <div class="method-content">
                  <a name="TestPostResponseOfValidPunchOut(org.testng.TestRunner@60bdf15d)">
                  </a> <!-- TestPostResponseOfValidPunchOut(org.testng.TestRunner@60bdf15d) -->
                  <span class="method-name">TestPostResponseOfValidPunchOut</span>
                  <span class="parameters">(org.testng.TestRunner@60bdf15d)</span>
                  <div class="stack-trace">java.lang.IllegalArgumentException: parameterValue cannot be null
	at org.codehaus.groovy.runtime.callsite.ConstructorSite$ConstructorSiteNoUnwrap.callConstructor(ConstructorSite.java:84)
	at org.codehaus.groovy.runtime.callsite.CallSiteArray.defaultCallConstructor(CallSiteArray.java:59)
	at org.codehaus.groovy.runtime.callsite.AbstractCallSite.callConstructor(AbstractCallSite.java:263)
	at org.codehaus.groovy.runtime.callsite.AbstractCallSite.callConstructor(AbstractCallSite.java:277)
	at io.restassured.internal.common.assertion.AssertParameter.notNull(AssertParameter.groovy:26)
	at io.restassured.internal.common.assertion.AssertParameter$notNull.callStatic(Unknown Source)
	at org.codehaus.groovy.runtime.callsite.CallSiteArray.defaultCallStatic(CallSiteArray.java:55)
	at org.codehaus.groovy.runtime.callsite.AbstractCallSite.callStatic(AbstractCallSite.java:217)
	at org.codehaus.groovy.runtime.callsite.AbstractCallSite.callStatic(AbstractCallSite.java:240)
	at io.restassured.internal.RequestSpecificationImpl.pathParam(RequestSpecificationImpl.groovy:514)
	at com.epam.TestAutomation.Project.API.Utilities.HttpsMethods.PatchPunchOut(HttpsMethods.java:109)
	at com.epam.TestAutomation.Project.APITesting.Tests.TestAPIOfAttendanceSheet.TestPostResponseOfValidPunchOut(TestAPIOfAttendanceSheet.java:89)
	at java.base/java.util.ArrayList.forEach(ArrayList.java:1511)
... Removed 34 stack frames
</div> <!-- stack-trace -->
                </div> <!-- method-content -->
              </div> <!-- method -->
              <div class="method">
                <div class="method-content">
                  <a name="TestTotalHoursAggregation(org.testng.TestRunner@60bdf15d)">
                  </a> <!-- TestTotalHoursAggregation(org.testng.TestRunner@60bdf15d) -->
                  <span class="method-name">TestTotalHoursAggregation</span>
                  <span class="parameters">(org.testng.TestRunner@60bdf15d)</span>
                  <div class="stack-trace">java.lang.ArrayIndexOutOfBoundsException: Index 1 out of bounds for length 1
	at com.epam.TestAutomation.Project.API.Utilities.ParseTime.convertIntoMinutes(ParseTime.java:10)
	at com.epam.TestAutomation.Project.APITesting.Tests.TestAPIOfAttendanceSheet.TestTotalHoursAggregation(TestAPIOfAttendanceSheet.java:174)
	at java.base/java.util.ArrayList.forEach(ArrayList.java:1511)
... Removed 27 stack frames
</div> <!-- stack-trace -->
                </div> <!-- method-content -->
              </div> <!-- method -->
            </div> <!-- main-panel-content rounded-window-bottom -->
          </div> <!-- suite-TestOrangeHRMAPITesting-class-failed -->
          <div class="suite-TestOrangeHRMAPITesting-class-passed">
            <div class="main-panel-header rounded-window-top">
              <img src="passed.png"/>
              <span class="class-name">com.epam.TestAutomation.Project.APITesting.Tests.TestAPIOfAttendanceSheet</span>
            </div> <!-- main-panel-header rounded-window-top -->
            <div class="main-panel-content rounded-window-bottom">
              <div class="method">
                <div class="method-content">
                  <a name="TestGetResponseOfAttendanceSheet(org.testng.TestRunner@60bdf15d)">
                  </a> <!-- TestGetResponseOfAttendanceSheet(org.testng.TestRunner@60bdf15d) -->
                  <span class="method-name">TestGetResponseOfAttendanceSheet</span>
                  <span class="parameters">(org.testng.TestRunner@60bdf15d)</span>
                </div> <!-- method-content -->
              </div> <!-- method -->
              <div class="method">
                <div class="method-content">
                  <a name="TestPostResponseOfPunchInOverlapping(org.testng.TestRunner@60bdf15d)">
                  </a> <!-- TestPostResponseOfPunchInOverlapping(org.testng.TestRunner@60bdf15d) -->
                  <span class="method-name">TestPostResponseOfPunchInOverlapping</span>
                  <span class="parameters">(org.testng.TestRunner@60bdf15d)</span>
                </div> <!-- method-content -->
              </div> <!-- method -->
            </div> <!-- main-panel-content rounded-window-bottom -->
          </div> <!-- suite-TestOrangeHRMAPITesting-class-passed -->
        </div> <!-- panel TestOrangeHRMAPITesting -->
        <div panel-name="test-xml-TestOrangeHRMAPITesting" class="panel">
          <div class="main-panel-header rounded-window-top">
            <span class="header-content">C:\Users\Vinaykumar_Kavala\Test Automation\Project_RestAPI_Testing\src\test\APITesting.xml</span>
          </div> <!-- main-panel-header rounded-window-top -->
          <div class="main-panel-content rounded-window-bottom">
            <pre>
&lt;?xml version=&quot;1.0&quot; encoding=&quot;UTF-8&quot;?&gt;
&lt;!DOCTYPE suite SYSTEM &quot;https://testng.org/testng-1.0.dtd&quot;&gt;
&lt;suite name=&quot;TestOrangeHRMAPITesting&quot; guice-stage=&quot;DEVELOPMENT&quot;&gt;
  &lt;test thread-count=&quot;5&quot; name=&quot;TestAPIOfAttendancesheet&quot;&gt;
    &lt;parameter name=&quot;Cookie&quot; value=&quot;orangehrmSecurityAuthentication_LoginLocationTracker=e3afed0047b08059d0fada10f400c1e5; orangehrm=18e8a5e7216e8a6cf3b5e17866efcdbe&quot;/&gt;
    &lt;parameter name=&quot;Bearer&quot; value=&quot;0054be7672ea5874bf17433350edf7b588238a02&quot;/&gt;
    &lt;classes&gt;
      &lt;class name=&quot;com.epam.TestAutomation.Project.APITesting.Tests.TestAPIOfAttendanceSheet&quot;/&gt;
    &lt;/classes&gt;
  &lt;/test&gt; &lt;!-- TestAPIOfAttendancesheet --&gt;
&lt;/suite&gt; &lt;!-- TestOrangeHRMAPITesting --&gt;
            </pre>
          </div> <!-- main-panel-content rounded-window-bottom -->
        </div> <!-- panel -->
        <div panel-name="testlist-TestOrangeHRMAPITesting" class="panel">
          <div class="main-panel-header rounded-window-top">
            <span class="header-content">Tests for TestOrangeHRMAPITesting</span>
          </div> <!-- main-panel-header rounded-window-top -->
          <div class="main-panel-content rounded-window-bottom">
            <ul>
              <li>
                <span class="test-name">TestAPIOfAttendancesheet (1 class)</span>
              </li>
            </ul>
          </div> <!-- main-panel-content rounded-window-bottom -->
        </div> <!-- panel -->
        <div panel-name="group-TestOrangeHRMAPITesting" class="panel">
          <div class="main-panel-header rounded-window-top">
            <span class="header-content">Groups for TestOrangeHRMAPITesting</span>
          </div> <!-- main-panel-header rounded-window-top -->
          <div class="main-panel-content rounded-window-bottom">
          </div> <!-- main-panel-content rounded-window-bottom -->
        </div> <!-- panel -->
        <div panel-name="times-TestOrangeHRMAPITesting" class="panel">
          <div class="main-panel-header rounded-window-top">
            <span class="header-content">Times for TestOrangeHRMAPITesting</span>
          </div> <!-- main-panel-header rounded-window-top -->
          <div class="main-panel-content rounded-window-bottom">
            <div class="times-div">
              <script type="text/javascript">
suiteTableInitFunctions.push('tableData_TestOrangeHRMAPITesting');
function tableData_TestOrangeHRMAPITesting() {
var data = new google.visualization.DataTable();
data.addColumn('number', 'Number');
data.addColumn('string', 'Method');
data.addColumn('string', 'Class');
data.addColumn('number', 'Time (ms)');
data.addRows(7);
data.setCell(0, 0, 0)
data.setCell(0, 1, 'TestGetResponseOfAttendanceSheet')
data.setCell(0, 2, 'com.epam.TestAutomation.Project.APITesting.Tests.TestAPIOfAttendanceSheet')
data.setCell(0, 3, 14861);
data.setCell(1, 0, 1)
data.setCell(1, 1, 'TestTotalHoursAggregation')
data.setCell(1, 2, 'com.epam.TestAutomation.Project.APITesting.Tests.TestAPIOfAttendanceSheet')
data.setCell(1, 3, 7242);
data.setCell(2, 0, 2)
data.setCell(2, 1, 'TestPostResponseOfPunchIn')
data.setCell(2, 2, 'com.epam.TestAutomation.Project.APITesting.Tests.TestAPIOfAttendanceSheet')
data.setCell(2, 3, 5009);
data.setCell(3, 0, 3)
data.setCell(3, 1, 'TestPostResponseOfPunchInOverlapping')
data.setCell(3, 2, 'com.epam.TestAutomation.Project.APITesting.Tests.TestAPIOfAttendanceSheet')
data.setCell(3, 3, 3630);
data.setCell(4, 0, 4)
data.setCell(4, 1, 'TestPatchtResponsePunchOutBeforePunchIn')
data.setCell(4, 2, 'com.epam.TestAutomation.Project.APITesting.Tests.TestAPIOfAttendanceSheet')
data.setCell(4, 3, 2492);
data.setCell(5, 0, 5)
data.setCell(5, 1, 'TestPostResponseOfValidPunchOut')
data.setCell(5, 2, 'com.epam.TestAutomation.Project.APITesting.Tests.TestAPIOfAttendanceSheet')
data.setCell(5, 3, 7);
data.setCell(6, 0, 6)
data.setCell(6, 1, 'TestPatchtResponsePunchOutAgainAfterPunchOut')
data.setCell(6, 2, 'com.epam.TestAutomation.Project.APITesting.Tests.TestAPIOfAttendanceSheet')
data.setCell(6, 3, 1);
window.suiteTableData['TestOrangeHRMAPITesting']= { tableData: data, tableDiv: 'times-div-TestOrangeHRMAPITesting'}
return data;
}
              </script>
              <span class="suite-total-time">Total running time: 33 seconds</span>
              <div id="times-div-TestOrangeHRMAPITesting">
              </div> <!-- times-div-TestOrangeHRMAPITesting -->
            </div> <!-- times-div -->
          </div> <!-- main-panel-content rounded-window-bottom -->
        </div> <!-- panel -->
        <div panel-name="reporter-TestOrangeHRMAPITesting" class="panel">
          <div class="main-panel-header rounded-window-top">
            <span class="header-content">Reporter output for TestOrangeHRMAPITesting</span>
          </div> <!-- main-panel-header rounded-window-top -->
          <div class="main-panel-content rounded-window-bottom">
          </div> <!-- main-panel-content rounded-window-bottom -->
        </div> <!-- panel -->
        <div panel-name="ignored-methods-TestOrangeHRMAPITesting" class="panel">
          <div class="main-panel-header rounded-window-top">
            <span class="header-content">0 ignored methods</span>
          </div> <!-- main-panel-header rounded-window-top -->
          <div class="main-panel-content rounded-window-bottom">
          </div> <!-- main-panel-content rounded-window-bottom -->
        </div> <!-- panel -->
        <div panel-name="chronological-TestOrangeHRMAPITesting" class="panel">
          <div class="main-panel-header rounded-window-top">
            <span class="header-content">Methods in chronological order</span>
          </div> <!-- main-panel-header rounded-window-top -->
          <div class="main-panel-content rounded-window-bottom">
            <div class="chronological-class">
              <div class="chronological-class-name">com.epam.TestAutomation.Project.APITesting.Tests.TestAPIOfAttendanceSheet</div> <!-- chronological-class-name -->
              <div class="configuration-class before">
                <span class="method-name">setUp(org.testng.TestRunner@60bdf15d)</span>
                <span class="method-start">0 ms</span>
              </div> <!-- configuration-class before -->
              <div class="test-method">
                <span class="method-name">TestGetResponseOfAttendanceSheet(org.testng.TestRunner@60bdf15d)</span>
                <span class="method-start">450 ms</span>
              </div> <!-- test-method -->
              <div class="test-method">
                <img src="failed.png">
                </img>
                <span class="method-name">TestPostResponseOfPunchIn(org.testng.TestRunner@60bdf15d)</span>
                <span class="method-start">15315 ms</span>
              </div> <!-- test-method -->
              <div class="test-method">
                <img src="failed.png">
                </img>
                <span class="method-name">TestPostResponseOfValidPunchOut(org.testng.TestRunner@60bdf15d)</span>
                <span class="method-start">20326 ms</span>
              </div> <!-- test-method -->
              <div class="test-method">
                <span class="method-name">TestPostResponseOfPunchInOverlapping(org.testng.TestRunner@60bdf15d)</span>
                <span class="method-start">20335 ms</span>
              </div> <!-- test-method -->
              <div class="test-method">
                <img src="failed.png">
                </img>
                <span class="method-name">TestPatchtResponsePunchOutAgainAfterPunchOut(org.testng.TestRunner@60bdf15d)</span>
                <span class="method-start">23966 ms</span>
              </div> <!-- test-method -->
              <div class="test-method">
                <img src="failed.png">
                </img>
                <span class="method-name">TestPatchtResponsePunchOutBeforePunchIn(org.testng.TestRunner@60bdf15d)</span>
                <span class="method-start">23968 ms</span>
              </div> <!-- test-method -->
              <div class="test-method">
                <img src="failed.png">
                </img>
                <span class="method-name">TestTotalHoursAggregation(org.testng.TestRunner@60bdf15d)</span>
                <span class="method-start">26461 ms</span>
              </div> <!-- test-method -->
              <div class="configuration-class after">
                <span class="method-name">closeTab</span>
                <span class="method-start">33705 ms</span>
              </div> <!-- configuration-class after -->
          </div> <!-- main-panel-content rounded-window-bottom -->
        </div> <!-- panel -->
      </div> <!-- main-panel-root -->
    </div> <!-- wrapper -->
  </body>
<script type="text/javascript" src="testng-reports2.js"></script>
</html>
