<?xml version="1.0" encoding="UTF-8"?>
<testng-results ignored="0" total="3" passed="1" failed="2" skipped="0">
  <reporter-output>
  </reporter-output>
  <suite started-at="2022-02-23T20:21:10 IST" name="TestOrangeHRM" finished-at="2022-02-23T20:22:00 IST" duration-ms="49704">
    <groups>
    </groups>
    <test started-at="2022-02-23T20:21:10 IST" name="TestLogIn" finished-at="2022-02-23T20:22:00 IST" duration-ms="49704">
      <class name="com.epam.selenium.OrangeHRM.Tests.TestAssigningAndRemovingGlobalAdminToUser">
        <test-method is-config="true" signature="setUp(org.testng.ITestContext)[pri:0, instance:com.epam.selenium.OrangeHRM.Tests.TestAssigningAndRemovingGlobalAdminToUser@4d1c005e]" started-at="2022-02-23T20:21:10 IST" name="setUp" finished-at="2022-02-23T20:21:26 IST" duration-ms="15937" status="PASS">
          <params>
            <param index="0">
              <value>
                <![CDATA[org.testng.TestRunner@129fed45]]>
              </value>
            </param>
          </params>
          <reporter-output>
          </reporter-output>
        </test-method> <!-- setUp -->
        <test-method signature="testNavigationToUsersPageFromDashBoardPage()[pri:1, instance:com.epam.selenium.OrangeHRM.Tests.TestAssigningAndRemovingGlobalAdminToUser@4d1c005e]" started-at="2022-02-23T20:21:26 IST" name="testNavigationToUsersPageFromDashBoardPage" finished-at="2022-02-23T20:21:27 IST" duration-ms="896" status="PASS">
          <reporter-output>
          </reporter-output>
        </test-method> <!-- testNavigationToUsersPageFromDashBoardPage -->
        <test-method is-config="true" signature="setStatus(org.testng.ITestResult)[pri:0, instance:com.epam.selenium.OrangeHRM.Tests.TestAssigningAndRemovingGlobalAdminToUser@4d1c005e]" started-at="2022-02-23T20:21:27 IST" name="setStatus" finished-at="2022-02-23T20:21:27 IST" duration-ms="0" status="PASS">
          <params>
            <param index="0">
              <value>
                <![CDATA[[TestResult name=testNavigationToUsersPageFromDashBoardPage status=SUCCESS method=TestAssigningAndRemovingGlobalAdminToUser.testNavigationToUsersPageFromDashBoardPage()[pri:1, instance:com.epam.selenium.OrangeHRM.Tests.TestAssigningAndRemovingGlobalAdminToUser@4d1c005e] output={null}]]]>
              </value>
            </param>
          </params>
          <reporter-output>
          </reporter-output>
        </test-method> <!-- setStatus -->
        <test-method signature="testAssigningGlobalAdminRole(org.testng.ITestContext)[pri:2, instance:com.epam.selenium.OrangeHRM.Tests.TestAssigningAndRemovingGlobalAdminToUser@4d1c005e]" started-at="2022-02-23T20:21:27 IST" name="testAssigningGlobalAdminRole" finished-at="2022-02-23T20:21:57 IST" duration-ms="30014" status="FAIL">
          <params>
            <param index="0">
              <value>
                <![CDATA[org.testng.TestRunner@129fed45]]>
              </value>
            </param>
          </params>
          <exception class="java.lang.NullPointerException">
            <message>
              <![CDATA[Cannot invoke "org.openqa.selenium.JavascriptExecutor.executeScript(String, Object[])" because "this.js" is null]]>
            </message>
            <full-stacktrace>
              <![CDATA[java.lang.NullPointerException: Cannot invoke "org.openqa.selenium.JavascriptExecutor.executeScript(String, Object[])" because "this.js" is null
at com.epam.selenium.OrangeHRM.PomPages.UsersPage.AssignGlobalAdminRoleToTheUser(UsersPage.java:29)
at com.epam.selenium.OrangeHRM.Tests.TestAssigningAndRemovingGlobalAdminToUser.testAssigningGlobalAdminRole(TestAssigningAndRemovingGlobalAdminToUser.java:67)
at java.base/jdk.internal.reflect.NativeMethodAccessorImpl.invoke0(Native Method)
at java.base/jdk.internal.reflect.NativeMethodAccessorImpl.invoke(NativeMethodAccessorImpl.java:77)
at java.base/jdk.internal.reflect.DelegatingMethodAccessorImpl.invoke(DelegatingMethodAccessorImpl.java:43)
at java.base/java.lang.reflect.Method.invoke(Method.java:568)
at org.testng.internal.invokers.MethodInvocationHelper.invokeMethod(MethodInvocationHelper.java:135)
at org.testng.internal.invokers.TestInvoker.invokeMethod(TestInvoker.java:673)
at org.testng.internal.invokers.TestInvoker.invokeTestMethod(TestInvoker.java:220)
at org.testng.internal.invokers.MethodRunner.runInSequence(MethodRunner.java:50)
at org.testng.internal.invokers.TestInvoker$MethodInvocationAgent.invoke(TestInvoker.java:945)
at org.testng.internal.invokers.TestInvoker.invokeTestMethods(TestInvoker.java:193)
at org.testng.internal.invokers.TestMethodWorker.invokeTestMethods(TestMethodWorker.java:146)
at org.testng.internal.invokers.TestMethodWorker.run(TestMethodWorker.java:128)
at java.base/java.util.ArrayList.forEach(ArrayList.java:1511)
at org.testng.TestRunner.privateRun(TestRunner.java:808)
at org.testng.TestRunner.run(TestRunner.java:603)
at org.testng.SuiteRunner.runTest(SuiteRunner.java:429)
at org.testng.SuiteRunner.runSequentially(SuiteRunner.java:423)
at org.testng.SuiteRunner.privateRun(SuiteRunner.java:383)
at org.testng.SuiteRunner.run(SuiteRunner.java:326)
at org.testng.SuiteRunnerWorker.runSuite(SuiteRunnerWorker.java:52)
at org.testng.SuiteRunnerWorker.run(SuiteRunnerWorker.java:95)
at org.testng.TestNG.runSuitesSequentially(TestNG.java:1249)
at org.testng.TestNG.runSuitesLocally(TestNG.java:1169)
at org.testng.TestNG.runSuites(TestNG.java:1092)
at org.testng.TestNG.run(TestNG.java:1060)
at org.testng.remote.AbstractRemoteTestNG.run(AbstractRemoteTestNG.java:115)
at org.testng.remote.RemoteTestNG.initAndRun(RemoteTestNG.java:251)
at org.testng.remote.RemoteTestNG.main(RemoteTestNG.java:77)
]]>
            </full-stacktrace>
          </exception> <!-- java.lang.NullPointerException -->
          <reporter-output>
          </reporter-output>
        </test-method> <!-- testAssigningGlobalAdminRole -->
        <test-method is-config="true" signature="setStatus(org.testng.ITestResult)[pri:0, instance:com.epam.selenium.OrangeHRM.Tests.TestAssigningAndRemovingGlobalAdminToUser@4d1c005e]" started-at="2022-02-23T20:21:57 IST" name="setStatus" finished-at="2022-02-23T20:21:57 IST" duration-ms="0" status="PASS">
          <params>
            <param index="0">
              <value>
                <![CDATA[[TestResult name=testAssigningGlobalAdminRole status=FAILURE method=TestAssigningAndRemovingGlobalAdminToUser.testAssigningGlobalAdminRole(org.testng.ITestContext)[pri:2, instance:com.epam.selenium.OrangeHRM.Tests.TestAssigningAndRemovingGlobalAdminToUser@4d1c005e] output={null}]]]>
              </value>
            </param>
          </params>
          <reporter-output>
          </reporter-output>
        </test-method> <!-- setStatus -->
        <test-method signature="testRemovingGlobalAdminRole(org.testng.ITestContext)[pri:3, instance:com.epam.selenium.OrangeHRM.Tests.TestAssigningAndRemovingGlobalAdminToUser@4d1c005e]" started-at="2022-02-23T20:21:57 IST" name="testRemovingGlobalAdminRole" finished-at="2022-02-23T20:21:59 IST" duration-ms="2010" status="FAIL">
          <params>
            <param index="0">
              <value>
                <![CDATA[org.testng.TestRunner@129fed45]]>
              </value>
            </param>
          </params>
          <exception class="java.lang.NullPointerException">
            <message>
              <![CDATA[Cannot invoke "org.openqa.selenium.JavascriptExecutor.executeScript(String, Object[])" because "this.js" is null]]>
            </message>
            <full-stacktrace>
              <![CDATA[java.lang.NullPointerException: Cannot invoke "org.openqa.selenium.JavascriptExecutor.executeScript(String, Object[])" because "this.js" is null
at com.epam.selenium.OrangeHRM.PomPages.UsersPage.RemoveGlobalAdminRoleToTheUser(UsersPage.java:47)
at com.epam.selenium.OrangeHRM.Tests.TestAssigningAndRemovingGlobalAdminToUser.testRemovingGlobalAdminRole(TestAssigningAndRemovingGlobalAdminToUser.java:78)
at java.base/jdk.internal.reflect.NativeMethodAccessorImpl.invoke0(Native Method)
at java.base/jdk.internal.reflect.NativeMethodAccessorImpl.invoke(NativeMethodAccessorImpl.java:77)
at java.base/jdk.internal.reflect.DelegatingMethodAccessorImpl.invoke(DelegatingMethodAccessorImpl.java:43)
at java.base/java.lang.reflect.Method.invoke(Method.java:568)
at org.testng.internal.invokers.MethodInvocationHelper.invokeMethod(MethodInvocationHelper.java:135)
at org.testng.internal.invokers.TestInvoker.invokeMethod(TestInvoker.java:673)
at org.testng.internal.invokers.TestInvoker.invokeTestMethod(TestInvoker.java:220)
at org.testng.internal.invokers.MethodRunner.runInSequence(MethodRunner.java:50)
at org.testng.internal.invokers.TestInvoker$MethodInvocationAgent.invoke(TestInvoker.java:945)
at org.testng.internal.invokers.TestInvoker.invokeTestMethods(TestInvoker.java:193)
at org.testng.internal.invokers.TestMethodWorker.invokeTestMethods(TestMethodWorker.java:146)
at org.testng.internal.invokers.TestMethodWorker.run(TestMethodWorker.java:128)
at java.base/java.util.ArrayList.forEach(ArrayList.java:1511)
at org.testng.TestRunner.privateRun(TestRunner.java:808)
at org.testng.TestRunner.run(TestRunner.java:603)
at org.testng.SuiteRunner.runTest(SuiteRunner.java:429)
at org.testng.SuiteRunner.runSequentially(SuiteRunner.java:423)
at org.testng.SuiteRunner.privateRun(SuiteRunner.java:383)
at org.testng.SuiteRunner.run(SuiteRunner.java:326)
at org.testng.SuiteRunnerWorker.runSuite(SuiteRunnerWorker.java:52)
at org.testng.SuiteRunnerWorker.run(SuiteRunnerWorker.java:95)
at org.testng.TestNG.runSuitesSequentially(TestNG.java:1249)
at org.testng.TestNG.runSuitesLocally(TestNG.java:1169)
at org.testng.TestNG.runSuites(TestNG.java:1092)
at org.testng.TestNG.run(TestNG.java:1060)
at org.testng.remote.AbstractRemoteTestNG.run(AbstractRemoteTestNG.java:115)
at org.testng.remote.RemoteTestNG.initAndRun(RemoteTestNG.java:251)
at org.testng.remote.RemoteTestNG.main(RemoteTestNG.java:77)
]]>
            </full-stacktrace>
          </exception> <!-- java.lang.NullPointerException -->
          <reporter-output>
          </reporter-output>
        </test-method> <!-- testRemovingGlobalAdminRole -->
        <test-method is-config="true" signature="setStatus(org.testng.ITestResult)[pri:0, instance:com.epam.selenium.OrangeHRM.Tests.TestAssigningAndRemovingGlobalAdminToUser@4d1c005e]" started-at="2022-02-23T20:21:59 IST" name="setStatus" finished-at="2022-02-23T20:21:59 IST" duration-ms="0" status="PASS">
          <params>
            <param index="0">
              <value>
                <![CDATA[[TestResult name=testRemovingGlobalAdminRole status=FAILURE method=TestAssigningAndRemovingGlobalAdminToUser.testRemovingGlobalAdminRole(org.testng.ITestContext)[pri:3, instance:com.epam.selenium.OrangeHRM.Tests.TestAssigningAndRemovingGlobalAdminToUser@4d1c005e] output={null}]]]>
              </value>
            </param>
          </params>
          <reporter-output>
          </reporter-output>
        </test-method> <!-- setStatus -->
        <test-method is-config="true" signature="closeTab()[pri:0, instance:com.epam.selenium.OrangeHRM.Tests.TestAssigningAndRemovingGlobalAdminToUser@4d1c005e]" started-at="2022-02-23T20:21:59 IST" name="closeTab" finished-at="2022-02-23T20:22:00 IST" duration-ms="790" status="PASS">
          <reporter-output>
          </reporter-output>
        </test-method> <!-- closeTab -->
      </class> <!-- com.epam.selenium.OrangeHRM.Tests.TestAssigningAndRemovingGlobalAdminToUser -->
    </test> <!-- TestLogIn -->
  </suite> <!-- TestOrangeHRM -->
</testng-results>
